0 verbose cli /usr/local/bin/node /usr/local/bin/npm
1 info using npm@9.4.0
2 info using node@v19.6.1
3 timing npm:load:whichnode Completed in 36ms
4 timing config:load:defaults Completed in 4ms
5 timing config:load:file:/usr/local/lib/node_modules/npm/npmrc Completed in 24ms
6 timing config:load:builtin Completed in 26ms
7 timing config:load:cli Completed in 12ms
8 timing config:load:env Completed in 0ms
9 timing config:load:file:/usr/src/app/.npmrc Completed in 10ms
10 timing config:load:project Completed in 72ms
11 timing config:load:file:/root/.npmrc Completed in 6ms
12 timing config:load:user Completed in 6ms
13 timing config:load:file:/usr/local/etc/npmrc Completed in 0ms
14 timing config:load:global Completed in 1ms
15 timing config:load:setEnvs Completed in 3ms
16 timing config:load Completed in 125ms
17 timing npm:load:configload Completed in 125ms
18 timing npm:load:mkdirpcache Completed in 45ms
19 timing npm:load:mkdirplogs Completed in 21ms
20 verbose title npm run dev
21 verbose argv "run" "dev"
22 timing npm:load:setTitle Completed in 4ms
23 timing config:load:flatten Completed in 17ms
24 timing npm:load:display Completed in 18ms
25 verbose logfile logs-max:10 dir:/usr/src/app/.npm/_logs/2023-09-25T08_28_13_677Z-
26 verbose logfile /usr/src/app/.npm/_logs/2023-09-25T08_28_13_677Z-debug-0.log
27 timing npm:load:logFile Completed in 88ms
28 timing npm:load:timers Completed in 0ms
29 timing npm:load:configScope Completed in 0ms
30 timing npm:load Completed in 347ms
31 silly logfile done cleaning log files
